2003.01.11 17:57 B C:\My Websites\DckCrk\Homepage\coverpage.htm <-- Advantage Express /DckCrk/Homepage coverpage.htm
2003.01.11 17:57 B C:\My Websites\DckCrk\Homepage\DCLheader2000.gif <-- Advantage Express /DckCrk/Homepage DCLheader2000.gif
2003.01.11 17:57 B C:\My Websites\DckCrk\Homepage\WMandWar.jpg <-- Advantage Express /DckCrk/Homepage WMandWar.jpg
2003.01.11 19:14 B C:\My Websites\DckCrk\Homepage\DaleandE.jpe --> 64.226.46.46 /DckCrk/Homepage DaleandE.jpe
2003.01.11 19:14 B C:\My Websites\DckCrk\Homepage\DCLheader2000.gif --> 64.226.46.46 /DckCrk/Homepage DCLheader2000.gif
2003.01.11 19:14 B C:\My Websites\DckCrk\Homepage\index.htm --> 64.226.46.46 /DckCrk/Homepage index.htm
2003.01.11 19:14 B C:\My Websites\DckCrk\Homepage\WMandWar.jpg --> 64.226.46.46 /DckCrk/Homepage WMandWar.jpg
2003.01.11 19:14 B C:\My Websites\DckCrk\Homepage\WS_FTP.LOG --> 64.226.46.46 /DckCrk/Homepage WS_FTP.LOG
2003.01.11 19:40 B C:\My Websites\DckCrk\Homepage\index.htm --> 64.226.46.46 /dckcrk/homepage index.htm
2003.01.11 19:43 B c:\My Websites\DckCrk\Homepage\index.htm --> 64.226.46.46 /dckcrk/homepage index.htm
2003.01.11 20:32 B c:\My Websites\DckCrk\Homepage\index.htm --> 64.226.46.46 /dckcrk/homepage index.htm
2003.01.11 20:36 B c:\My Websites\DckCrk\Homepage\index.htm --> 64.226.46.46 /dckcrk/homepage index.htm
2003.01.12 11:02 B c:\My Websites\DckCrk\Homepage\index.htm --> 64.226.46.46 /dckcrk/homepage index.htm
2003.01.14 21:54 B c:\My Websites\DckCrk\Homepage\index.htm --> 64.226.46.46 /dckcrk/homepage index.htm
2003.01.17 00:27 B C:\My Websites\DckCrk\Homepage\DaleandE.jpe --> ftp.dak1.net /home/www/org/tx-mm/duckcreeklodge_1419 DaleandE.jpe
2003.01.17 00:27 B C:\My Websites\DckCrk\Homepage\DCLheader2000.gif --> ftp.dak1.net /home/www/org/tx-mm/duckcreeklodge_1419 DCLheader2000.gif
2003.01.17 00:27 B C:\My Websites\DckCrk\Homepage\index.htm --> ftp.dak1.net /home/www/org/tx-mm/duckcreeklodge_1419 index.htm
2003.01.17 00:27 B C:\My Websites\DckCrk\Homepage\WMandWar.jpg --> ftp.dak1.net /home/www/org/tx-mm/duckcreeklodge_1419 WMandWar.jpg
2003.01.19 23:19 B C:\My Websites\DckCrk\Homepage\index.htm --> ftp.dak1.net /home/www/org/tx-mm/duckcreeklodge_1419 index.htm
2003.01.21 21:46 B C:\My Websites\DckCrk\Homepage\index.htm --> ftp.dak1.net /home/www/org/tx-mm/duckcreeklodge_1419 index.htm
2003.01.21 21:50 B C:\My Websites\DckCrk\Homepage\index.htm --> ftp.dak1.net /home/www/org/tx-mm/duckcreeklodge_1419 index.htm
2003.01.21 21:59 B C:\My Websites\DckCrk\Homepage\index.htm --> ftp.dak1.net /home/www/org/tx-mm/duckcreeklodge_1419 index.htm
2003.01.23 19:20 B C:\Documents and Settings\noliver\Desktop\My Briefcase\Homepage\index.htm --> ftp.dak1.net /home/www/org/tx-mm/duckcreeklodge_1419 index.htm
2003.01.23 19:26 B C:\Documents and Settings\noliver\Desktop\My Briefcase\Homepage\index.htm --> ftp.dak1.net /home/www/org/tx-mm/duckcreeklodge_1419 index.htm
2003.01.23 19:44 B C:\Documents and Settings\noliver\Desktop\My Briefcase\Homepage\index.htm --> ftp.dak1.net /home/www/org/tx-mm/duckcreeklodge_1419 index.htm
2003.01.25 15:20 B C:\My Websites\DckCrk\Homepage\index.htm --> ftp.dak1.net /home/www/org/tx-mm/duckcreeklodge_1419 index.htm
2003.01.25 21:38 B C:\My Websites\DckCrk\Homepage\index.htm --> ftp.dak1.net /home/www/org/tx-mm/duckcreeklodge_1419 index.htm
2003.01.25 22:56 B C:\My Websites\DckCrk\Homepage\index.htm --> ftp.dak1.net /home/www/org/tx-mm/duckcreeklodge_1419 index.htm
2003.01.26 15:59 B C:\My Websites\DckCrk\Homepage\index.htm --> ftp.dak1.net /home/www/org/tx-mm/duckcreeklodge_1419 index.htm
2003.01.26 19:18 B C:\My Websites\DckCrk\Homepage\index.htm --> ftp.dak1.net /home/www/org/tx-mm/duckcreeklodge_1419 index.htm
2003.01.26 19:29 B C:\My Websites\DckCrk\Homepage\index.htm --> ftp.dak1.net /home/www/org/tx-mm/duckcreeklodge_1419 index.htm
2003.01.27 21:49 B C:\My Websites\DckCrk\Homepage\index.htm --> ftp.dak1.net /home/www/org/tx-mm/duckcreeklodge_1419 index.htm
2003.02.01 17:07 B C:\My Websites\DckCrk\Homepage\index.htm --> ftp.dak1.net /home/www/org/tx-mm/duckcreeklodge_1419 index.htm
2003.02.01 17:24 B C:\My Websites\DckCrk\Homepage\index.htm --> ftp.dak1.net /home/www/org/tx-mm/duckcreeklodge_1419 index.htm
2003.02.01 17:26 B C:\My Websites\DckCrk\Homepage\index.htm --> ftp.dak1.net /home/www/org/tx-mm/duckcreeklodge_1419 index.htm
2003.02.01 17:30 B C:\My Websites\DckCrk\Homepage\index.htm --> ftp.dak1.net /home/www/org/tx-mm/duckcreeklodge_1419 index.htm
2003.02.01 18:23 B C:\My Websites\DckCrk\Homepage\index.htm --> ftp.dak1.net /home/www/org/tx-mm/duckcreeklodge_1419 index.htm
2003.02.01 18:45 B C:\My Websites\DckCrk\Homepage\index.htm --> ftp.dak1.net /home/www/org/tx-mm/duckcreeklodge_1419 index.htm
2003.02.01 19:00 B C:\My Websites\DckCrk\Homepage\index.htm --> ftp.dak1.net /home/www/org/tx-mm/duckcreeklodge_1419 index.htm
2003.02.01 19:21 B C:\My Websites\DckCrk\Homepage\index.htm --> ftp.dak1.net /home/www/org/tx-mm/duckcreeklodge_1419 index.htm
2003.02.01 20:14 B C:\My Websites\DckCrk\Homepage\index.htm --> ftp.dak1.net /home/www/org/tx-mm/duckcreeklodge_1419 index.htm
2003.02.01 20:46 B C:\My Websites\DckCrk\Homepage\index.htm --> ftp.dak1.net /home/www/org/tx-mm/duckcreeklodge_1419 index.htm
2003.02.01 20:54 B C:\My Websites\DckCrk\Homepage\index.htm --> ftp.dak1.net /home/www/org/tx-mm/duckcreeklodge_1419 index.htm
2003.02.01 20:56 B C:\My Websites\DckCrk\Homepage\index.htm --> ftp.dak1.net /home/www/org/tx-mm/duckcreeklodge_1419 index.htm
2003.02.03 07:54 B C:\Documents and Settings\noliver\Desktop\My Briefcase\Homepage\index.htm --> ftp.dak1.net /home/www/org/tx-mm/duckcreeklodge_1419 index.htm
2003.02.03 07:56 B C:\Documents and Settings\noliver\Desktop\My Briefcase\Homepage\index.htm --> ftp.dak1.net /home/www/org/tx-mm/duckcreeklodge_1419 index.htm
2003.02.07 16:50 B C:\My Websites\DckCrk\Homepage\index.htm --> ftp.dak1.net /home/www/org/tx-mm/duckcreeklodge_1419 index.htm
2003.02.07 18:43 B C:\My Websites\DckCrk\Homepage\index.htm --> ftp.dak1.net /home/www/org/tx-mm/duckcreeklodge_1419 index.htm
2003.02.12 18:14 B C:\My Websites\DckCrk\Homepage\index.htm --> ftp.dak1.net /home/www/org/tx-mm/duckcreeklodge_1419 index.htm
2003.02.22 19:27 B C:\My Websites\DckCrk\Homepage\index.htm --> ftp.dak1.net /home/www/org/tx-mm/duckcreeklodge_1419 index.htm
2003.02.27 14:39 B C:\Documents and Settings\noliver\Desktop\My Briefcase\Homepage\index.htm --> ftp.dak1.net /home/www/org/tx-mm/duckcreeklodge_1419 index.htm
2003.03.05 21:55 B C:\My Websites\DckCrk\Homepage\index.htm --> ftp.dak1.net /home/www/org/tx-mm/duckcreeklodge_1419 index.htm
2003.03.10 21:27 B C:\My Websites\DckCrk\Homepage\index.htm --> ftp.dak1.net /home/www/org/tx-mm/duckcreeklodge_1419 index.htm
2003.03.16 23:55 B C:\My Websites\DckCrk\Homepage\index.htm --> ftp.dak1.net /home/www/org/tx-mm/duckcreeklodge_1419 index.htm
2003.03.21 19:54 B C:\My Websites\DckCrk\Homepage\index.htm --> ftp.dak1.net /home/www/org/tx-mm/duckcreeklodge_1419 index.htm
2003.04.27 22:26 B C:\My Websites\DckCrk\Homepage\index.htm --> ftp.dak1.net /home/www/org/tx-mm/duckcreeklodge_1419 index.htm
2003.04.27 22:41 B C:\My Websites\DckCrk\Homepage\index.htm --> ftp.dak1.net /home/www/org/tx-mm/duckcreeklodge_1419 index.htm
2003.06.14 18:04 B C:\My Websites\DckCrk\Homepage\index.htm --> ftp.dak1.net /home/www/org/tx-mm/duckcreeklodge_1419 index.htm
2003.06.14 18:08 B C:\My Websites\DckCrk\Homepage\index.htm --> ftp.dak1.net /home/www/org/tx-mm/duckcreeklodge_1419 index.htm
2003.06.30 22:29 B C:\My Websites\DckCrk\Homepage\index.htm --> ftp.dak1.net /home/www/org/tx-mm/duckcreeklodge_1419 index.htm
2003.06.30 22:41 B C:\My Websites\DckCrk\Homepage\index.htm --> ftp.dak1.net /home/www/org/tx-mm/duckcreeklodge_1419 index.htm
2003.07.01 22:28 B C:\My Websites\DckCrk\Homepage\index.htm --> ftp.dak1.net /home/www/org/tx-mm/duckcreeklodge_1419 index.htm
2003.07.01 22:30 B C:\My Websites\DckCrk\Homepage\index.htm --> ftp.dak1.net /home/www/org/tx-mm/duckcreeklodge_1419 index.htm
2003.07.05 15:43 B C:\Documents and Settings\noliver\Desktop\My Briefcase\Homepage\index.htm --> ftp.dak1.net /home/www/org/tx-mm/duckcreeklodge_1419 index.htm
2003.07.10 16:27 B C:\Documents and Settings\noliver\Desktop\My Briefcase\Homepage\index.htm <-- DAK1 FTP Site /home/www/org/tx-mm/duckcreeklodge_1419 index.htm
2003.07.10 16:29 B C:\Documents and Settings\noliver\Desktop\My Briefcase\Homepage\index.htm --> ftp.dak1.net /home/www/org/tx-mm/duckcreeklodge_1419 index.htm
2003.07.12 21:24 B C:\My Websites\DckCrk\Homepage\index.htm --> ftp.dak1.net /home/www/org/tx-mm/duckcreeklodge_1419 index.htm
2003.07.12 22:40 B C:\My Websites\DckCrk\Homepage\index.htm --> ftp.dak1.net /home/www/org/tx-mm/duckcreeklodge_1419 index.htm
2003.07.13 14:22 B C:\My Websites\DckCrk\Homepage\index.htm --> ftp.dak1.net /home/www/org/tx-mm/duckcreeklodge_1419 index.htm
2003.07.14 21:56 B C:\My Websites\DckCrk\Homepage\index.htm --> ftp.dak1.net /home/www/org/tx-mm/duckcreeklodge_1419 index.htm
2003.07.20 20:18 B C:\My Websites\DckCrk\Homepage\index.htm --> ftp.dak1.net /home/www/org/tx-mm/duckcreeklodge_1419 index.htm
2003.07.20 20:30 B C:\My Websites\DckCrk\Homepage\index.htm --> ftp.dak1.net /home/www/org/tx-mm/duckcreeklodge_1419 index.htm
2003.07.20 20:33 B C:\My Websites\DckCrk\Homepage\index.htm --> ftp.dak1.net /home/www/org/tx-mm/duckcreeklodge_1419 index.htm
2003.08.08 16:31 B C:\My Websites\DckCrk\Homepage\index.htm <-- DAK1 /home/www/org/tx-mm/duckcreeklodge_1419 index.htm
2003.08.08 16:47 B C:\My Websites\DckCrk\Homepage\index.htm --> ftp.dak1.net /home/www/org/tx-mm/duckcreeklodge_1419 index.htm
2003.08.09 20:14 B C:\My Websites\DckCrk\Homepage\index.htm --> ftp.dak1.net /home/www/org/tx-mm/duckcreeklodge_1419 index.htm
2003.08.09 20:23 B C:\My Websites\DckCrk\Homepage\index.htm --> ftp.dak1.net /home/www/org/tx-mm/duckcreeklodge_1419 index.htm
2003.09.07 09:51 B C:\My Websites\DckCrk\Homepage\index.htm --> ftp.dak1.net /home/www/org/tx-mm/duckcreeklodge_1419 index.htm
2003.10.12 18:51 B C:\My Websites\DckCrk\Homepage\index.htm --> ftp.dak1.net /home/www/org/tx-mm/duckcreeklodge_1419 index.htm
2003.10.12 18:58 B C:\My Websites\DckCrk\Homepage\index.htm --> ftp.dak1.net /home/www/org/tx-mm/duckcreeklodge_1419 index.htm
2003.10.21 20:25 B C:\My Websites\DckCrk\Homepage\index.htm --> ftp.dak1.net /home/www/org/tx-mm/duckcreeklodge_1419 index.htm
2003.10.21 21:11 B C:\My Websites\DckCrk\Homepage\index.htm --> ftp.dak1.net /home/www/org/tx-mm/duckcreeklodge_1419 index.htm
2003.10.21 21:24 B C:\My Websites\DckCrk\Homepage\index.htm --> ftp.dak1.net /home/www/org/tx-mm/duckcreeklodge_1419 index.htm
2003.11.11 06:58 B C:\Documents and Settings\nwoliver\My Documents\Duck Creek Lodge\Web Site\Homepage\index.htm --> ftp.dak1.net /home/www/org/tx-mm/duckcreeklodge_1419 index.htm
2003.11.11 18:53 B C:\Documents and Settings\nwoliver\My Documents\Duck Creek Lodge\Web Site\Homepage\index.htm --> ftp.dak1.net /home/www/org/tx-mm/duckcreeklodge_1419 index.htm
2003.11.13 06:13 B C:\Documents and Settings\nwoliver\My Documents\Duck Creek Lodge\Web Site\Homepage\index.htm --> ftp.dak1.net /home/www/org/tx-mm/duckcreeklodge_1419 index.htm
2003.12.07 16:21 B C:\Documents and Settings\nwoliver\My Documents\Duck Creek Lodge\Web Site\Homepage\index.htm --> ftp.dak1.net /home/www/org/tx-mm/duckcreeklodge_1419 index.htm
2003.12.07 16:23 B C:\Documents and Settings\nwoliver\My Documents\Duck Creek Lodge\Web Site\Homepage\index.htm --> ftp.dak1.net /home/www/org/tx-mm/duckcreeklodge_1419 index.htm
2003.12.07 16:28 B C:\Documents and Settings\nwoliver\My Documents\Duck Creek Lodge\Web Site\Homepage\index.htm --> ftp.dak1.net /home/www/org/tx-mm/duckcreeklodge_1419 index.htm
2004.01.08 20:25 B C:\Documents and Settings\nwoliver\My Documents\Duck Creek Lodge\Web Site\Homepage\index.htm --> ftp.dak1.net /home/www/org/tx-mm/duckcreeklodge_1419 index.htm
2004.01.09 17:37 B C:\Documents and Settings\nwoliver\My Documents\Duck Creek Lodge\Web Site\Homepage\index.htm --> ftp.dak1.net /home/www/org/tx-mm/duckcreeklodge_1419 index.htm
2004.01.10 16:16 B C:\Documents and Settings\nwoliver\My Documents\Duck Creek Lodge\Web Site\Homepage\index.htm --> ftp.dak1.net /home/www/org/tx-mm/duckcreeklodge_1419 index.htm
2004.02.21 22:44 B C:\Documents and Settings\nwoliver\My Documents\Duck Creek Lodge\Web Site\Homepage\index.htm --> ftp.dak1.net /home/www/org/tx-mm/duckcreeklodge_1419 index.htm
2004.02.29 10:11 B C:\Documents and Settings\nwoliver\My Documents\Duck Creek Lodge\Web Site\Homepage\index.htm --> ftp.dak1.net /home/www/org/tx-mm/duckcreeklodge_1419 index.htm
2004.02.29 19:02 B C:\Documents and Settings\nwoliver\My Documents\Duck Creek Lodge\Web Site\Homepage\index.htm --> ftp.dak1.net /home/www/org/tx-mm/duckcreeklodge_1419 index.htm
2004.03.09 06:01 B C:\Documents and Settings\nwoliver\My Documents\Duck Creek Lodge\Web Site\Homepage\index.htm --> ftp.dak1.net /home/www/org/tx-mm/duckcreeklodge_1419 index.htm
2004.05.02 17:23 B C:\Documents and Settings\nwoliver\My Documents\Duck Creek Lodge\Web Site\Homepage\index.htm --> ftp.dak1.net /home/www/org/tx-mm/duckcreeklodge_1419 index.htm
2004.05.31 20:40 B C:\Documents and Settings\nwoliver\My Documents\Duck Creek Lodge\Web Site\Homepage\index.htm --> ftp.dak1.net /home/www/org/tx-mm/duckcreeklodge_1419 index.htm
2004.06.17 22:06 B C:\Documents and Settings\nwoliver\My Documents\Duck Creek Lodge\Web Site\Homepage\index.htm --> ftp.dak1.net /home/www/org/tx-mm/duckcreeklodge_1419 index.htm
2004.06.21 21:11 B C:\Documents and Settings\nwoliver\My Documents\Duck Creek Lodge\Web Site\Homepage\index.htm --> ftp.dak1.net /home/www/org/tx-mm/duckcreeklodge_1419 index.htm
2004.06.27 14:08 B C:\Documents and Settings\nwoliver\My Documents\Duck Creek Lodge\Web Site\Homepage\index.htm --> ftp.dak1.net /home/www/org/tx-mm/duckcreeklodge_1419 index.htm
2004.06.27 14:35 B C:\Documents and Settings\nwoliver\My Documents\Duck Creek Lodge\Web Site\Homepage\index.htm --> ftp.dak1.net /home/www/org/tx-mm/duckcreeklodge_1419 index.htm
2004.06.27 19:40 B C:\Documents and Settings\nwoliver\My Documents\Duck Creek Lodge\Web Site\Homepage\index.htm --> ftp.dak1.net /home/www/org/tx-mm/duckcreeklodge_1419 index.htm
2004.06.28 21:49 B C:\Documents and Settings\nwoliver\My Documents\Duck Creek Lodge\Web Site\Homepage\elected.jpg --> ftp.dak1.net /home/www/org/tx-mm/duckcreeklodge_1419 elected.jpg
2004.06.28 21:49 B C:\Documents and Settings\nwoliver\My Documents\Duck Creek Lodge\Web Site\Homepage\elected_sm.jpg --> ftp.dak1.net /home/www/org/tx-mm/duckcreeklodge_1419 elected_sm.jpg
2004.06.28 21:49 B C:\Documents and Settings\nwoliver\My Documents\Duck Creek Lodge\Web Site\Homepage\index.htm --> ftp.dak1.net /home/www/org/tx-mm/duckcreeklodge_1419 index.htm
2004.06.28 21:49 B C:\Documents and Settings\nwoliver\My Documents\Duck Creek Lodge\Web Site\Homepage\Lucia.jpg --> ftp.dak1.net /home/www/org/tx-mm/duckcreeklodge_1419 Lucia.jpg
2004.06.28 21:49 B C:\Documents and Settings\nwoliver\My Documents\Duck Creek Lodge\Web Site\Homepage\Lucia_sm.jpg --> ftp.dak1.net /home/www/org/tx-mm/duckcreeklodge_1419 Lucia_sm.jpg
2004.06.29 20:55 B C:\Documents and Settings\nwoliver\My Documents\Duck Creek Lodge\Web Site\Homepage\index.htm --> ftp.dak1.net /home/www/org/tx-mm/duckcreeklodge_1419 index.htm
2004.07.05 18:03 B C:\Documents and Settings\nwoliver\My Documents\Duck Creek Lodge\Web Site\Homepage\index.htm <-- Duck Creek Website /home/www/org/tx-mm/duckcreeklodge_1419 index.htm
2004.07.05 18:10 B C:\Documents and Settings\nwoliver\My Documents\Duck Creek Lodge\Web Site\Homepage\index.htm --> ftp.dak1.net /home/www/org/tx-mm/duckcreeklodge_1419 index.htm
2004.07.16 17:14 B C:\Documents and Settings\nwoliver\My Documents\Duck Creek Lodge\Web Site\Homepage\index.htm --> ftp.dak1.net /home/www/org/tx-mm/duckcreeklodge_1419 index.htm
2004.07.31 21:31 B C:\Documents and Settings\nwoliver\My Documents\Duck Creek Lodge\Web Site\Homepage\index.htm --> ftp.dak1.net /home/www/org/tx-mm/duckcreeklodge_1419 index.htm
2004.07.31 21:34 B C:\Documents and Settings\nwoliver\My Documents\Duck Creek Lodge\Web Site\Homepage\index.htm --> ftp.dak1.net /home/www/org/tx-mm/duckcreeklodge_1419 index.htm
2004.07.31 21:43 B C:\Documents and Settings\nwoliver\My Documents\Duck Creek Lodge\Web Site\Homepage\index.htm --> ftp.dak1.net /home/www/org/tx-mm/duckcreeklodge_1419 index.htm
2004.08.25 22:02 B C:\Documents and Settings\nwoliver\My Documents\Duck Creek Lodge\Web Site\Homepage\index.htm --> ftp.dak1.net /home/www/org/tx-mm/duckcreeklodge_1419 index.htm
2004.08.25 22:04 B C:\Documents and Settings\nwoliver\My Documents\Duck Creek Lodge\Web Site\Homepage\index.htm --> ftp.dak1.net /home/www/org/tx-mm/duckcreeklodge_1419 index.htm
2004.09.03 21:36 B C:\Documents and Settings\nwoliver\My Documents\Duck Creek Lodge\Web Site\Homepage\index.htm --> ftp.dak1.net /home/www/org/tx-mm/duckcreeklodge_1419 index.htm
2004.09.27 21:36 B C:\Documents and Settings\nwoliver\My Documents\Duck Creek Lodge\Web Site\Homepage\index.htm --> ftp.dak1.net /home/www/org/tx-mm/duckcreeklodge_1419 index.htm
2006.03.12 21:59 B C:\Documents and Settings\nwoliver\My Documents\web sites\Duck Creek Lodge\4 of 5.jpg <-- Duck Creek Website /web 4 of 5.jpg
2006.03.12 21:59 B C:\Documents and Settings\nwoliver\My Documents\web sites\Duck Creek Lodge\5of5.jpg <-- Duck Creek Website /web 5of5.jpg
2006.03.12 21:59 B C:\Documents and Settings\nwoliver\My Documents\web sites\Duck Creek Lodge\ddgm.jpg <-- Duck Creek Website /web ddgm.jpg
2006.03.12 21:59 B C:\Documents and Settings\nwoliver\My Documents\web sites\Duck Creek Lodge\elected.jpg <-- Duck Creek Website /web elected.jpg
2006.03.12 21:59 B C:\Documents and Settings\nwoliver\My Documents\web sites\Duck Creek Lodge\elected_sm.jpg <-- Duck Creek Website /web elected_sm.jpg
2006.03.12 21:59 B C:\Documents and Settings\nwoliver\My Documents\web sites\Duck Creek Lodge\holiday_party.htm <-- Duck Creek Website /web holiday_party.htm
2006.03.12 21:59 B C:\Documents and Settings\nwoliver\My Documents\web sites\Duck Creek Lodge\index.html <-- Duck Creek Website /web index.html
2006.03.12 21:59 B C:\Documents and Settings\nwoliver\My Documents\web sites\Duck Creek Lodge\index.html.old <-- Duck Creek Website /web index.html.old
2006.03.12 21:59 B C:\Documents and Settings\nwoliver\My Documents\web sites\Duck Creek Lodge\lineup.jpg <-- Duck Creek Website /web lineup.jpg
2006.03.12 21:59 B C:\Documents and Settings\nwoliver\My Documents\web sites\Duck Creek Lodge\Lucia.jpg <-- Duck Creek Website /web Lucia.jpg
2006.03.12 21:59 B C:\Documents and Settings\nwoliver\My Documents\web sites\Duck Creek Lodge\Lucia_sm.jpg <-- Duck Creek Website /web Lucia_sm.jpg
2006.03.12 21:59 B C:\Documents and Settings\nwoliver\My Documents\web sites\Duck Creek Lodge\Vic_Terry_Award.html <-- Duck Creek Website /web Vic_Terry_Award.html
2006.03.12 21:59 B C:\Documents and Settings\nwoliver\My Documents\web sites\Duck Creek Lodge\WoodyMaster-small.jpg <-- Duck Creek Website /web WoodyMaster-small.jpg
2006.04.27 13:26 B C:\Documents and Settings\nwoliver\My Documents\web sites\Duck Creek Lodge\index.html --> www.duckcreek1419.org /web index.html
2006.05.30 21:07 B C:\Documents and Settings\nwoliver\My Documents\web sites\Duck Creek Lodge\index.html --> www.duckcreek1419.org /web index.html
2006.06.26 09:30 B E:\Web Sites\Duck Creek Lodge\2006-5 of 5.jpg --> www.duckcreek1419.org /web 2006-5 of 5.jpg
2006.06.26 09:30 B E:\Web Sites\Duck Creek Lodge\index.html --> www.duckcreek1419.org /web index.html
2006.06.30 11:14 B E:\Web Sites\Duck Creek Lodge\index.html --> www.duckcreek1419.org /web index.html
2006.08.07 08:54 B E:\Lodge Documents\Web Site\Duck Creek Lodge\index.html --> www.duckcreek1419.org /web index.html
2006.08.07 09:43 B E:\Lodge Documents\Web Site\Duck Creek Lodge\index.html --> www.duckcreek1419.org /web index.html
2006.08.14 23:14 B E:\Lodge Documents\Web Site\Duck Creek Lodge\index.html --> www.duckcreek1419.org /web index.html
2006.08.14 23:14 B E:\Lodge Documents\Web Site\Duck Creek Lodge\School Supply Drive.html --> www.duckcreek1419.org /web School Supply Drive.html
2006.08.19 19:20 B E:\Lodge Documents\Web Site\Duck Creek Lodge\index.html --> www.duckcreek1419.org /web index.html
2006.08.23 09:37 B E:\Lodge Documents\Web Site\Duck Creek Lodge\index.html --> www.duckcreek1419.org /web index.html
2006.08.23 09:46 B E:\Lodge Documents\Web Site\Duck Creek Lodge\index.html --> www.duckcreek1419.org /web index.html
2006.08.24 21:32 B E:\Lodge Documents\Web Site\Duck Creek Lodge\index.html --> www.duckcreek1419.org /web index.html
2006.08.24 21:32 B E:\Lodge Documents\Web Site\Duck Creek Lodge\School Supply Drive.html --> www.duckcreek1419.org /web School Supply Drive.html
2006.10.09 22:36 B E:\Lodge Documents\Web Site\Duck Creek Lodge\index.html --> www.duckcreek1419.org /web index.html
2006.10.11 08:20 B E:\Lodge Documents\Web Site\Duck Creek Lodge\index.html --> www.duckcreek1419.org /web index.html
2006.10.11 08:26 B E:\Lodge Documents\Web Site\Duck Creek Lodge\index.html --> www.duckcreek1419.org /web index.html
2006.10.12 13:25 B E:\Lodge Documents\Web Site\Duck Creek Lodge\School Supply Drive.html --> www.duckcreek1419.org /web School Supply Drive.html
2006.10.12 14:59 B E:\Lodge Documents\Web Site\Duck Creek Lodge\index.html --> www.duckcreek1419.org /web index.html
2006.10.16 15:06 B E:\Lodge Documents\Web Site\Duck Creek Lodge\index.html --> www.duckcreek1419.org /web index.html
2006.10.19 14:09 B E:\Lodge Documents\Web Site\Duck Creek Lodge\index.html --> www.duckcreek1419.org /web index.html
2006.10.30 10:10 B E:\Lodge Documents\Web Site\Duck Creek Lodge\index.html --> www.duckcreek1419.org /web index.html
2006.11.20 15:18 B E:\Lodge Documents\Web Site\Duck Creek Lodge\index.html --> www.duckcreek1419.org /web index.html
2006.11.20 15:20 B E:\Lodge Documents\Web Site\Duck Creek Lodge\index.html --> www.duckcreek1419.org /web index.html
2006.11.22 10:23 B E:\Lodge Documents\Web Site\Duck Creek Lodge\index.html --> www.duckcreek1419.org /web index.html
2006.11.22 10:24 B E:\Lodge Documents\Web Site\Duck Creek Lodge\Moses Lamar Award.html --> www.duckcreek1419.org /web Moses Lamar Award.html
2007.01.19 21:54 B E:\Lodge Documents\Web Site\Duck Creek Lodge\index.html --> www.duckcreek1419.org /web index.html
2007.01.20 18:08 B E:\Lodge Documents\Web Site\Duck Creek Lodge\index.html --> www.duckcreek1419.org /web index.html
2007.01.22 23:24 B E:\Lodge Documents\Web Site\Duck Creek Lodge\index.html --> www.duckcreek1419.org /web index.html
2007.01.24 10:52 B E:\Lodge Documents\Web Site\Duck Creek Lodge\index.html --> www.duckcreek1419.org /web index.html
2007.01.26 12:07 B E:\Lodge Documents\Web Site\Duck Creek Lodge\index.html --> www.duckcreek1419.org /web index.html
2007.02.22 21:07 B E:\Lodge Documents\Web Site\Duck Creek Lodge\index.html --> www.duckcreek1419.org /web index.html
2007.03.27 10:37 B E:\Websites\Duck Creek Lodge\index.html --> www.duckcreek1419.org /web index.html
2007.04.02 21:40 B E:\Websites\Duck Creek Lodge\index.html --> www.duckcreek1419.org /web index.html
2007.04.02 21:44 B E:\Websites\Duck Creek Lodge\index.html --> www.duckcreek1419.org /web index.html
2007.05.21 22:33 B E:\Websites\Duck Creek Lodge\index.html --> www.duckcreek1419.org /web index.html
2007.05.21 22:35 B E:\Websites\Duck Creek Lodge\index.html --> www.duckcreek1419.org /web index.html
2007.06.04 13:09 B E:\Websites\Duck Creek Lodge\index.html --> www.duckcreek1419.org /web index.html
2007.06.15 21:08 B E:\Websites\Duck Creek Lodge\index.html --> www.duckcreek1419.org /web index.html
2007.06.15 21:16 B E:\Websites\Duck Creek Lodge\index.html --> www.duckcreek1419.org /web index.html
2007.06.26 11:59 B E:\Websites\Duck Creek Lodge\index.html --> www.duckcreek1419.org /web index.html
2007.08.23 10:25 B E:\Websites\Duck Creek Lodge\Chuck2007.jpg --> www.duckcreek1419.org /web Chuck2007.jpg
2007.08.23 10:25 B E:\Websites\Duck Creek Lodge\index.html --> www.duckcreek1419.org /web index.html
2007.08.23 10:25 B E:\Websites\Duck Creek Lodge\lineup2007.jpg --> www.duckcreek1419.org /web lineup2007.jpg
2007.08.23 10:57 B E:\Websites\Duck Creek Lodge\lineup2007.jpg --> www.duckcreek1419.org /web lineup2007.jpg
2007.08.24 08:17 B E:\Websites\Duck Creek Lodge\index.html --> www.duckcreek1419.org /web index.html
2007.08.24 08:17 B E:\Websites\Duck Creek Lodge\School Supply Drive.html --> www.duckcreek1419.org /web School Supply Drive.html
2007.08.24 08:20 B E:\Websites\Duck Creek Lodge\School Supply Drive.html --> www.duckcreek1419.org /web School Supply Drive.html
2007.08.30 10:00 B E:\Websites\Duck Creek Lodge\index.html --> www.duckcreek1419.org /web index.html
2007.08.30 10:06 B E:\Websites\Duck Creek Lodge\index.html --> www.duckcreek1419.org /web index.html
2007.09.10 22:23 B E:\Websites\Duck Creek Lodge\index.html --> www.duckcreek1419.org /web index.html
