2003.07.12 22:41 B C:\My Websites\DckCrk\Homepage\Pictures\2003Install\OfficersPic\Chuck French J. Deacon.jpg --> ftp.dak1.net /home/www/org/tx-mm/duckcreeklodge_1419/Pictures/2003Install/OfficersPic Chuck French J. Deacon.jpg
2003.07.12 22:41 B C:\My Websites\DckCrk\Homepage\Pictures\2003Install\OfficersPic\Cook Secretary.jpg --> ftp.dak1.net /home/www/org/tx-mm/duckcreeklodge_1419/Pictures/2003Install/OfficersPic Cook Secretary.jpg
2003.07.12 22:41 B C:\My Websites\DckCrk\Homepage\Pictures\2003Install\OfficersPic\Keltner S. Deacon.jpg --> ftp.dak1.net /home/www/org/tx-mm/duckcreeklodge_1419/Pictures/2003Install/OfficersPic Keltner S. Deacon.jpg
2003.07.12 22:41 B C:\My Websites\DckCrk\Homepage\Pictures\2003Install\OfficersPic\Lodge Officers.jpg --> ftp.dak1.net /home/www/org/tx-mm/duckcreeklodge_1419/Pictures/2003Install/OfficersPic Lodge Officers.jpg
2003.07.12 22:41 B C:\My Websites\DckCrk\Homepage\Pictures\2003Install\OfficersPic\Lucia S Warden.jpg --> ftp.dak1.net /home/www/org/tx-mm/duckcreeklodge_1419/Pictures/2003Install/OfficersPic Lucia S Warden.jpg
2003.07.12 22:41 B C:\My Websites\DckCrk\Homepage\Pictures\2003Install\OfficersPic\Marvin Grover.jpg --> ftp.dak1.net /home/www/org/tx-mm/duckcreeklodge_1419/Pictures/2003Install/OfficersPic Marvin Grover.jpg
2003.07.12 22:42 B C:\My Websites\DckCrk\Homepage\Pictures\2003Install\OfficersPic\McDonald  Treasurer.jpg --> ftp.dak1.net /home/www/org/tx-mm/duckcreeklodge_1419/Pictures/2003Install/OfficersPic McDonald  Treasurer.jpg
2003.07.12 22:42 B C:\My Websites\DckCrk\Homepage\Pictures\2003Install\OfficersPic\Milliorn Tiler.jpg --> ftp.dak1.net /home/www/org/tx-mm/duckcreeklodge_1419/Pictures/2003Install/OfficersPic Milliorn Tiler.jpg
2003.07.12 22:42 B C:\My Websites\DckCrk\Homepage\Pictures\2003Install\OfficersPic\Neil Rotzler-Master.jpg --> ftp.dak1.net /home/www/org/tx-mm/duckcreeklodge_1419/Pictures/2003Install/OfficersPic Neil Rotzler-Master.jpg
2003.07.12 22:42 B C:\My Websites\DckCrk\Homepage\Pictures\2003Install\OfficersPic\Nick Oliver-Marshal.jpg --> ftp.dak1.net /home/www/org/tx-mm/duckcreeklodge_1419/Pictures/2003Install/OfficersPic Nick Oliver-Marshal.jpg
2003.07.12 22:42 B C:\My Websites\DckCrk\Homepage\Pictures\2003Install\OfficersPic\Randy Davis Chaplin.jpg --> ftp.dak1.net /home/www/org/tx-mm/duckcreeklodge_1419/Pictures/2003Install/OfficersPic Randy Davis Chaplin.jpg
2003.07.12 22:42 B C:\My Websites\DckCrk\Homepage\Pictures\2003Install\OfficersPic\Tedder Steward.jpg --> ftp.dak1.net /home/www/org/tx-mm/duckcreeklodge_1419/Pictures/2003Install/OfficersPic Tedder Steward.jpg
2003.07.12 22:42 B C:\My Websites\DckCrk\Homepage\Pictures\2003Install\OfficersPic\Thumbs.db --> ftp.dak1.net /home/www/org/tx-mm/duckcreeklodge_1419/Pictures/2003Install/OfficersPic Thumbs.db
2003.07.12 22:43 B C:\My Websites\DckCrk\Homepage\Pictures\2003Install\OfficersPic\Top Five  Elected.jpg --> ftp.dak1.net /home/www/org/tx-mm/duckcreeklodge_1419/Pictures/2003Install/OfficersPic Top Five  Elected.jpg
2003.07.12 22:43 B C:\My Websites\DckCrk\Homepage\Pictures\2003Install\OfficersPic\Top Three.jpg --> ftp.dak1.net /home/www/org/tx-mm/duckcreeklodge_1419/Pictures/2003Install/OfficersPic Top Three.jpg
2003.07.12 22:43 B C:\My Websites\DckCrk\Homepage\Pictures\2003Install\OfficersPic\Wetherington  J Warden.jpg --> ftp.dak1.net /home/www/org/tx-mm/duckcreeklodge_1419/Pictures/2003Install/OfficersPic Wetherington  J Warden.jpg
2003.07.13 14:13 B C:\My Websites\DckCrk\Homepage\Pictures\2003Install\OfficersPic\Chuck French J. Deacon.jpg --> ftp.dak1.net /home/www/org/tx-mm/duckcreeklodge_1419/Pictures/2003Install/OfficersPic Chuck French J. Deacon.jpg
2003.07.13 14:13 B C:\My Websites\DckCrk\Homepage\Pictures\2003Install\OfficersPic\Cook Secretary.jpg --> ftp.dak1.net /home/www/org/tx-mm/duckcreeklodge_1419/Pictures/2003Install/OfficersPic Cook Secretary.jpg
2003.07.13 14:13 B C:\My Websites\DckCrk\Homepage\Pictures\2003Install\OfficersPic\Keltner S. Deacon.jpg --> ftp.dak1.net /home/www/org/tx-mm/duckcreeklodge_1419/Pictures/2003Install/OfficersPic Keltner S. Deacon.jpg
2003.07.13 14:14 B C:\My Websites\DckCrk\Homepage\Pictures\2003Install\OfficersPic\Lodge Officers.jpg --> ftp.dak1.net /home/www/org/tx-mm/duckcreeklodge_1419/Pictures/2003Install/OfficersPic Lodge Officers.jpg
2003.07.13 14:14 B C:\My Websites\DckCrk\Homepage\Pictures\2003Install\OfficersPic\Lucia S Warden.jpg --> ftp.dak1.net /home/www/org/tx-mm/duckcreeklodge_1419/Pictures/2003Install/OfficersPic Lucia S Warden.jpg
2003.07.13 14:14 B C:\My Websites\DckCrk\Homepage\Pictures\2003Install\OfficersPic\Marvin Grover.jpg --> ftp.dak1.net /home/www/org/tx-mm/duckcreeklodge_1419/Pictures/2003Install/OfficersPic Marvin Grover.jpg
2003.07.13 14:14 B C:\My Websites\DckCrk\Homepage\Pictures\2003Install\OfficersPic\McDonald  Treasurer.jpg --> ftp.dak1.net /home/www/org/tx-mm/duckcreeklodge_1419/Pictures/2003Install/OfficersPic McDonald  Treasurer.jpg
2003.07.13 14:14 B C:\My Websites\DckCrk\Homepage\Pictures\2003Install\OfficersPic\Milliorn Tiler.jpg --> ftp.dak1.net /home/www/org/tx-mm/duckcreeklodge_1419/Pictures/2003Install/OfficersPic Milliorn Tiler.jpg
2003.07.13 14:14 B C:\My Websites\DckCrk\Homepage\Pictures\2003Install\OfficersPic\Neil Rotzler-Master.jpg --> ftp.dak1.net /home/www/org/tx-mm/duckcreeklodge_1419/Pictures/2003Install/OfficersPic Neil Rotzler-Master.jpg
2003.07.13 14:14 B C:\My Websites\DckCrk\Homepage\Pictures\2003Install\OfficersPic\Nick Oliver-Marshal.jpg --> ftp.dak1.net /home/www/org/tx-mm/duckcreeklodge_1419/Pictures/2003Install/OfficersPic Nick Oliver-Marshal.jpg
2003.07.13 14:14 B C:\My Websites\DckCrk\Homepage\Pictures\2003Install\OfficersPic\Randy Davis Chaplin.jpg --> ftp.dak1.net /home/www/org/tx-mm/duckcreeklodge_1419/Pictures/2003Install/OfficersPic Randy Davis Chaplin.jpg
2003.07.13 14:14 B C:\My Websites\DckCrk\Homepage\Pictures\2003Install\OfficersPic\Tedder Steward.jpg --> ftp.dak1.net /home/www/org/tx-mm/duckcreeklodge_1419/Pictures/2003Install/OfficersPic Tedder Steward.jpg
2003.07.13 14:15 B C:\My Websites\DckCrk\Homepage\Pictures\2003Install\OfficersPic\Thumbs.db --> ftp.dak1.net /home/www/org/tx-mm/duckcreeklodge_1419/Pictures/2003Install/OfficersPic Thumbs.db
2003.07.13 14:15 B C:\My Websites\DckCrk\Homepage\Pictures\2003Install\OfficersPic\Top Five  Elected.jpg --> ftp.dak1.net /home/www/org/tx-mm/duckcreeklodge_1419/Pictures/2003Install/OfficersPic Top Five  Elected.jpg
2003.07.13 14:15 B C:\My Websites\DckCrk\Homepage\Pictures\2003Install\OfficersPic\Top Three.jpg --> ftp.dak1.net /home/www/org/tx-mm/duckcreeklodge_1419/Pictures/2003Install/OfficersPic Top Three.jpg
2003.07.13 14:15 B C:\My Websites\DckCrk\Homepage\Pictures\2003Install\OfficersPic\Wetherington  J Warden.jpg --> ftp.dak1.net /home/www/org/tx-mm/duckcreeklodge_1419/Pictures/2003Install/OfficersPic Wetherington  J Warden.jpg
2003.07.13 14:22 B C:\My Websites\DckCrk\Homepage\Pictures\2003Install\OfficersPic\Neil Rotzler LargePic.jpg --> ftp.dak1.net /home/www/org/tx-mm/duckcreeklodge_1419/Pictures/2003Install/OfficersPic Neil Rotzler LargePic.jpg
2003.08.10 19:40 B C:\My Websites\DckCrk\Homepage\Pictures\2003Install\OfficersPic\Danny Steward.jpg --> ftp.dak1.net /home/www/org/tx-mm/duckcreeklodge_1419/Pictures/2003Install/OfficersPic Danny Steward.jpg
2003.08.10 19:41 B C:\My Websites\DckCrk\Homepage\Pictures\2003Install\OfficersPic\Woody MstrCerm.jpg --> ftp.dak1.net /home/www/org/tx-mm/duckcreeklodge_1419/Pictures/2003Install/OfficersPic Woody MstrCerm.jpg
2004.12.14 11:08 B C:\Documents and Settings\nwoliver\My Documents\web sites\Duck Creek Lodge\Pictures\2003Install\OfficersPic\Chuck French J. Deacon.jpg --> www.duckcreek1419.org /web/Pictures/2003Install/OfficersPic Chuck French J. Deacon.jpg
2004.12.14 11:08 B C:\Documents and Settings\nwoliver\My Documents\web sites\Duck Creek Lodge\Pictures\2003Install\OfficersPic\Cook Secretary.jpg --> www.duckcreek1419.org /web/Pictures/2003Install/OfficersPic Cook Secretary.jpg
2004.12.14 11:08 B C:\Documents and Settings\nwoliver\My Documents\web sites\Duck Creek Lodge\Pictures\2003Install\OfficersPic\Danny Steward.jpg --> www.duckcreek1419.org /web/Pictures/2003Install/OfficersPic Danny Steward.jpg
2004.12.14 11:08 B C:\Documents and Settings\nwoliver\My Documents\web sites\Duck Creek Lodge\Pictures\2003Install\OfficersPic\Keltner S. Deacon.jpg --> www.duckcreek1419.org /web/Pictures/2003Install/OfficersPic Keltner S. Deacon.jpg
2004.12.14 11:09 B C:\Documents and Settings\nwoliver\My Documents\web sites\Duck Creek Lodge\Pictures\2003Install\OfficersPic\Lodge Officers.jpg --> www.duckcreek1419.org /web/Pictures/2003Install/OfficersPic Lodge Officers.jpg
2004.12.14 11:09 B C:\Documents and Settings\nwoliver\My Documents\web sites\Duck Creek Lodge\Pictures\2003Install\OfficersPic\Lucia S Warden.jpg --> www.duckcreek1419.org /web/Pictures/2003Install/OfficersPic Lucia S Warden.jpg
2004.12.14 11:09 B C:\Documents and Settings\nwoliver\My Documents\web sites\Duck Creek Lodge\Pictures\2003Install\OfficersPic\Marvin Grover.jpg --> www.duckcreek1419.org /web/Pictures/2003Install/OfficersPic Marvin Grover.jpg
2004.12.14 11:09 B C:\Documents and Settings\nwoliver\My Documents\web sites\Duck Creek Lodge\Pictures\2003Install\OfficersPic\McDonald  Treasurer.jpg --> www.duckcreek1419.org /web/Pictures/2003Install/OfficersPic McDonald  Treasurer.jpg
2004.12.14 11:09 B C:\Documents and Settings\nwoliver\My Documents\web sites\Duck Creek Lodge\Pictures\2003Install\OfficersPic\Milliorn Tiler.jpg --> www.duckcreek1419.org /web/Pictures/2003Install/OfficersPic Milliorn Tiler.jpg
2004.12.14 11:09 B C:\Documents and Settings\nwoliver\My Documents\web sites\Duck Creek Lodge\Pictures\2003Install\OfficersPic\Neil Rotzler LargePic.jpg --> www.duckcreek1419.org /web/Pictures/2003Install/OfficersPic Neil Rotzler LargePic.jpg
2004.12.14 11:09 B C:\Documents and Settings\nwoliver\My Documents\web sites\Duck Creek Lodge\Pictures\2003Install\OfficersPic\Neil Rotzler-Master.jpg --> www.duckcreek1419.org /web/Pictures/2003Install/OfficersPic Neil Rotzler-Master.jpg
2004.12.14 11:09 B C:\Documents and Settings\nwoliver\My Documents\web sites\Duck Creek Lodge\Pictures\2003Install\OfficersPic\Nick Oliver-Marshal.jpg --> www.duckcreek1419.org /web/Pictures/2003Install/OfficersPic Nick Oliver-Marshal.jpg
2004.12.14 11:09 B C:\Documents and Settings\nwoliver\My Documents\web sites\Duck Creek Lodge\Pictures\2003Install\OfficersPic\Randy Davis Chaplin.jpg --> www.duckcreek1419.org /web/Pictures/2003Install/OfficersPic Randy Davis Chaplin.jpg
2004.12.14 11:09 B C:\Documents and Settings\nwoliver\My Documents\web sites\Duck Creek Lodge\Pictures\2003Install\OfficersPic\Tedder Steward.jpg --> www.duckcreek1419.org /web/Pictures/2003Install/OfficersPic Tedder Steward.jpg
2004.12.14 11:09 B C:\Documents and Settings\nwoliver\My Documents\web sites\Duck Creek Lodge\Pictures\2003Install\OfficersPic\Top Five  Elected.jpg --> www.duckcreek1419.org /web/Pictures/2003Install/OfficersPic Top Five  Elected.jpg
2004.12.14 11:09 B C:\Documents and Settings\nwoliver\My Documents\web sites\Duck Creek Lodge\Pictures\2003Install\OfficersPic\Top Three.jpg --> www.duckcreek1419.org /web/Pictures/2003Install/OfficersPic Top Three.jpg
2004.12.14 11:09 B C:\Documents and Settings\nwoliver\My Documents\web sites\Duck Creek Lodge\Pictures\2003Install\OfficersPic\Wetherington  J Warden.jpg --> www.duckcreek1419.org /web/Pictures/2003Install/OfficersPic Wetherington  J Warden.jpg
2004.12.14 11:09 B C:\Documents and Settings\nwoliver\My Documents\web sites\Duck Creek Lodge\Pictures\2003Install\OfficersPic\Woody MstrCerm.jpg --> www.duckcreek1419.org /web/Pictures/2003Install/OfficersPic Woody MstrCerm.jpg
2004.12.14 11:09 B C:\Documents and Settings\nwoliver\My Documents\web sites\Duck Creek Lodge\Pictures\2003Install\OfficersPic\WS_FTP.LOG --> www.duckcreek1419.org /web/Pictures/2003Install/OfficersPic WS_FTP.LOG
