2003.01.11 17:57 B C:\My Websites\DckCrk\e-mail address web page\duck_creek_lodge_e.htm <-- Advantage Express /DckCrk/e-mail address web page duck_creek_lodge_e.htm
2003.01.11 19:08 B C:\My Websites\DckCrk\Homepage\e-mail address web page\duck_creek_lodge_e.htm --> 64.226.46.46 /DckCrk/Homepage/e-mail address web page duck_creek_lodge_e.htm
2003.01.11 19:08 B C:\My Websites\DckCrk\Homepage\e-mail address web page\WS_FTP.LOG --> 64.226.46.46 /DckCrk/Homepage/e-mail address web page WS_FTP.LOG
2003.01.12 11:28 B c:\My Websites\DckCrk\Homepage\e-mail address web page\duck_creek_lodge_e.htm --> 64.226.46.46 /dckcrk/homepage/e-mail address web page duck_creek_lodge_e.htm
2003.01.14 21:32 B c:\My Websites\DckCrk\Homepage\e-mail address web page\duck_creek_lodge_e.htm --> 64.226.46.46 /dckcrk/homepage/e-mail address web page duck_creek_lodge_e.htm
2003.01.14 21:34 B c:\My Websites\DckCrk\Homepage\e-mail address web page\duck_creek_lodge_e.htm --> 64.226.46.46 /dckcrk/homepage/e-mail address web page duck_creek_lodge_e.htm
2003.01.16 23:49 B C:\My Websites\DckCrk\Homepage\e-mail address web page\duck_creek_lodge_e.htm --> ftp.dak1.net /home/www/org/tx-mm/duckcreeklodge_1419/e-mail address web page duck_creek_lodge_e.htm
2003.01.16 23:49 B C:\My Websites\DckCrk\Homepage\e-mail address web page\WS_FTP.LOG --> ftp.dak1.net /home/www/org/tx-mm/duckcreeklodge_1419/e-mail address web page WS_FTP.LOG
2003.01.19 23:20 B C:\My Websites\DckCrk\Homepage\e-mail address web page\duck_creek_lodge_e.htm --> ftp.dak1.net /home/www/org/tx-mm/duckcreeklodge_1419/e-mail address web page duck_creek_lodge_e.htm
2003.01.29 12:59 B C:\Documents and Settings\noliver\Desktop\My Briefcase\Homepage\e-mail address web page\duck_creek_lodge_e.htm --> ftp.dak1.net /home/www/org/tx-mm/duckcreeklodge_1419/e-mail address web page duck_creek_lodge_e.htm
2003.01.29 13:42 B C:\Documents and Settings\noliver\Desktop\My Briefcase\Homepage\e-mail address web page\duck_creek_lodge_e.htm --> ftp.dak1.net /home/www/org/tx-mm/duckcreeklodge_1419/e-mail address web page duck_creek_lodge_e.htm
2003.02.01 20:15 B C:\My Websites\DckCrk\Homepage\e-mail address web page\duck_creek_lodge_e.htm --> ftp.dak1.net /home/www/org/tx-mm/duckcreeklodge_1419/e-mail address web page duck_creek_lodge_e.htm
2003.02.15 17:36 B C:\My Websites\DckCrk\Homepage\e-mail address web page\duck_creek_lodge_e.htm --> ftp.dak1.net /home/www/org/tx-mm/duckcreeklodge_1419/e-mail address web page duck_creek_lodge_e.htm
2003.06.30 22:29 B C:\My Websites\DckCrk\Homepage\e-mail address web page\duck_creek_lodge_e.htm --> ftp.dak1.net /home/www/org/tx-mm/duckcreeklodge_1419/e-mail address web page duck_creek_lodge_e.htm
2003.07.12 21:25 B C:\My Websites\DckCrk\Homepage\e-mail address web page\duck_creek_lodge_e.htm --> ftp.dak1.net /home/www/org/tx-mm/duckcreeklodge_1419/e-mail address web page duck_creek_lodge_e.htm
2003.07.13 09:49 B C:\My Websites\DckCrk\Homepage\e-mail address web page\duck_creek_lodge_e.htm --> ftp.dak1.net /home/www/org/tx-mm/duckcreeklodge_1419/e-mail address web page duck_creek_lodge_e.htm
2004.01.08 20:25 B C:\Documents and Settings\nwoliver\My Documents\Duck Creek Lodge\Web Site\Homepage\e-mail address web page\duck_creek_lodge_e.htm --> ftp.dak1.net /home/www/org/tx-mm/duckcreeklodge_1419/e-mail address web page duck_creek_lodge_e.htm
2004.01.08 20:41 B C:\Documents and Settings\nwoliver\My Documents\Duck Creek Lodge\Web Site\Homepage\e-mail address web page\duck_creek_lodge_e.htm --> ftp.dak1.net /home/www/org/tx-mm/duckcreeklodge_1419/e-mail address web page duck_creek_lodge_e.htm
2004.02.18 21:32 B C:\Documents and Settings\nwoliver\My Documents\Duck Creek Lodge\Web Site\Homepage\e-mail address web page\duck_creek_lodge_e.htm --> ftp.dak1.net /home/www/org/tx-mm/duckcreeklodge_1419/e-mail address web page duck_creek_lodge_e.htm
2004.03.05 17:04 B C:\Documents and Settings\nwoliver\My Documents\Duck Creek Lodge\Web Site\Homepage\e-mail address web page\duck_creek_lodge_e.htm --> ftp.dak1.net /home/www/org/tx-mm/duckcreeklodge_1419/e-mail address web page duck_creek_lodge_e.htm
2004.06.29 21:05 B C:\Documents and Settings\nwoliver\My Documents\Duck Creek Lodge\Web Site\Homepage\e-mail address web page\duck_creek_lodge_e.htm --> ftp.dak1.net /home/www/org/tx-mm/duckcreeklodge_1419/e-mail address web page duck_creek_lodge_e.htm
2004.12.13 17:02 B C:\Documents and Settings\nwoliver\My Documents\web sites\Duck Creek Lodge\e-mail address web page\duck_creek_lodge_e.htm --> www.duckcreek1419.org /web/e-mail address web page duck_creek_lodge_e.htm
2004.12.13 17:02 B C:\Documents and Settings\nwoliver\My Documents\web sites\Duck Creek Lodge\e-mail address web page\WS_FTP.LOG --> www.duckcreek1419.org /web/e-mail address web page WS_FTP.LOG
2004.12.14 11:06 B C:\Documents and Settings\nwoliver\My Documents\web sites\Duck Creek Lodge\e-mail address web page\WS_FTP.LOG --> www.duckcreek1419.org /web/e-mail address web page WS_FTP.LOG
2004.12.19 16:53 B C:\Documents and Settings\nwoliver\My Documents\web sites\Duck Creek Lodge\e-mail address web page\duck_creek_lodge_e.htm --> www.duckcreek1419.org /web/e-mail address web page duck_creek_lodge_e.htm
2006.10.11 10:08 B E:\Lodge Documents\Web Site\Duck Creek Lodge\e-mail address web page\duck_creek_lodge_e.htm --> www.duckcreek1419.org /web/e-mail address web page duck_creek_lodge_e.htm
2007.08.23 10:57 B E:\Websites\Duck Creek Lodge\e-mail address web page\duck_creek_lodge_e.htm --> www.duckcreek1419.org /web/e-mail address web page duck_creek_lodge_e.htm
