2003.01.26 19:15 B C:\My Websites\DckCrk\Homepage\Pictures\Photo Gallery\Photo Gallery_files\backmarch2000dark.jpg --> ftp.dak1.net /home/www/org/tx-mm/duckcreeklodge_1419/Pictures/Photo Gallery/Photo Gallery_files backmarch2000dark.jpg
2003.01.26 19:15 B C:\My Websites\DckCrk\Homepage\Pictures\Photo Gallery\Photo Gallery_files\cc10.jpg --> ftp.dak1.net /home/www/org/tx-mm/duckcreeklodge_1419/Pictures/Photo Gallery/Photo Gallery_files cc10.jpg
2003.01.26 19:15 B C:\My Websites\DckCrk\Homepage\Pictures\Photo Gallery\Photo Gallery_files\cc11.jpg --> ftp.dak1.net /home/www/org/tx-mm/duckcreeklodge_1419/Pictures/Photo Gallery/Photo Gallery_files cc11.jpg
2003.01.26 19:15 B C:\My Websites\DckCrk\Homepage\Pictures\Photo Gallery\Photo Gallery_files\cc13.jpg --> ftp.dak1.net /home/www/org/tx-mm/duckcreeklodge_1419/Pictures/Photo Gallery/Photo Gallery_files cc13.jpg
2003.01.26 19:15 B C:\My Websites\DckCrk\Homepage\Pictures\Photo Gallery\Photo Gallery_files\cc14.jpg --> ftp.dak1.net /home/www/org/tx-mm/duckcreeklodge_1419/Pictures/Photo Gallery/Photo Gallery_files cc14.jpg
2003.01.26 19:15 B C:\My Websites\DckCrk\Homepage\Pictures\Photo Gallery\Photo Gallery_files\cc15.jpg --> ftp.dak1.net /home/www/org/tx-mm/duckcreeklodge_1419/Pictures/Photo Gallery/Photo Gallery_files cc15.jpg
2003.01.26 19:15 B C:\My Websites\DckCrk\Homepage\Pictures\Photo Gallery\Photo Gallery_files\cc2.jpg --> ftp.dak1.net /home/www/org/tx-mm/duckcreeklodge_1419/Pictures/Photo Gallery/Photo Gallery_files cc2.jpg
2003.01.26 19:15 B C:\My Websites\DckCrk\Homepage\Pictures\Photo Gallery\Photo Gallery_files\cc3.jpg --> ftp.dak1.net /home/www/org/tx-mm/duckcreeklodge_1419/Pictures/Photo Gallery/Photo Gallery_files cc3.jpg
2003.01.26 19:15 B C:\My Websites\DckCrk\Homepage\Pictures\Photo Gallery\Photo Gallery_files\cc4.jpg --> ftp.dak1.net /home/www/org/tx-mm/duckcreeklodge_1419/Pictures/Photo Gallery/Photo Gallery_files cc4.jpg
2003.01.26 19:15 B C:\My Websites\DckCrk\Homepage\Pictures\Photo Gallery\Photo Gallery_files\cc5.jpg --> ftp.dak1.net /home/www/org/tx-mm/duckcreeklodge_1419/Pictures/Photo Gallery/Photo Gallery_files cc5.jpg
2003.01.26 19:15 B C:\My Websites\DckCrk\Homepage\Pictures\Photo Gallery\Photo Gallery_files\cc7.jpg --> ftp.dak1.net /home/www/org/tx-mm/duckcreeklodge_1419/Pictures/Photo Gallery/Photo Gallery_files cc7.jpg
2003.01.26 19:15 B C:\My Websites\DckCrk\Homepage\Pictures\Photo Gallery\Photo Gallery_files\cc8.jpg --> ftp.dak1.net /home/www/org/tx-mm/duckcreeklodge_1419/Pictures/Photo Gallery/Photo Gallery_files cc8.jpg
2003.01.26 19:15 B C:\My Websites\DckCrk\Homepage\Pictures\Photo Gallery\Photo Gallery_files\cc9.jpg --> ftp.dak1.net /home/www/org/tx-mm/duckcreeklodge_1419/Pictures/Photo Gallery/Photo Gallery_files cc9.jpg
2003.01.26 19:16 B C:\My Websites\DckCrk\Homepage\Pictures\Photo Gallery\Photo Gallery_files\ch_cn2.jpg --> ftp.dak1.net /home/www/org/tx-mm/duckcreeklodge_1419/Pictures/Photo Gallery/Photo Gallery_files ch_cn2.jpg
2003.01.26 19:16 B C:\My Websites\DckCrk\Homepage\Pictures\Photo Gallery\Photo Gallery_files\davedougcarl.jpg --> ftp.dak1.net /home/www/org/tx-mm/duckcreeklodge_1419/Pictures/Photo Gallery/Photo Gallery_files davedougcarl.jpg
2003.01.26 19:16 B C:\My Websites\DckCrk\Homepage\Pictures\Photo Gallery\Photo Gallery_files\dick(white).gif --> ftp.dak1.net /home/www/org/tx-mm/duckcreeklodge_1419/Pictures/Photo Gallery/Photo Gallery_files dick(white).gif
2003.01.26 19:16 B C:\My Websites\DckCrk\Homepage\Pictures\Photo Gallery\Photo Gallery_files\dougcarl.jpg --> ftp.dak1.net /home/www/org/tx-mm/duckcreeklodge_1419/Pictures/Photo Gallery/Photo Gallery_files dougcarl.jpg
2003.01.26 19:16 B C:\My Websites\DckCrk\Homepage\Pictures\Photo Gallery\Photo Gallery_files\GChap_gavel.jpg --> ftp.dak1.net /home/www/org/tx-mm/duckcreeklodge_1419/Pictures/Photo Gallery/Photo Gallery_files GChap_gavel.jpg
2003.01.26 19:16 B C:\My Websites\DckCrk\Homepage\Pictures\Photo Gallery\Photo Gallery_files\gmburke1.jpg --> ftp.dak1.net /home/www/org/tx-mm/duckcreeklodge_1419/Pictures/Photo Gallery/Photo Gallery_files gmburke1.jpg
2003.01.26 19:16 B C:\My Websites\DckCrk\Homepage\Pictures\Photo Gallery\Photo Gallery_files\houstondelegation2.jpg --> ftp.dak1.net /home/www/org/tx-mm/duckcreeklodge_1419/Pictures/Photo Gallery/Photo Gallery_files houstondelegation2.jpg
2003.01.26 19:16 B C:\My Websites\DckCrk\Homepage\Pictures\Photo Gallery\Photo Gallery_files\joeCjackP.jpg --> ftp.dak1.net /home/www/org/tx-mm/duckcreeklodge_1419/Pictures/Photo Gallery/Photo Gallery_files joeCjackP.jpg
2003.01.26 19:16 B C:\My Websites\DckCrk\Homepage\Pictures\Photo Gallery\Photo Gallery_files\K-C1.jpg --> ftp.dak1.net /home/www/org/tx-mm/duckcreeklodge_1419/Pictures/Photo Gallery/Photo Gallery_files K-C1.jpg
2003.01.26 19:16 B C:\My Websites\DckCrk\Homepage\Pictures\Photo Gallery\Photo Gallery_files\kcaugust1.jpg --> ftp.dak1.net /home/www/org/tx-mm/duckcreeklodge_1419/Pictures/Photo Gallery/Photo Gallery_files kcaugust1.jpg
2003.01.26 19:16 B C:\My Websites\DckCrk\Homepage\Pictures\Photo Gallery\Photo Gallery_files\kcaugust3.jpg --> ftp.dak1.net /home/www/org/tx-mm/duckcreeklodge_1419/Pictures/Photo Gallery/Photo Gallery_files kcaugust3.jpg
2003.01.26 19:16 B C:\My Websites\DckCrk\Homepage\Pictures\Photo Gallery\Photo Gallery_files\kcaugust4.jpg --> ftp.dak1.net /home/www/org/tx-mm/duckcreeklodge_1419/Pictures/Photo Gallery/Photo Gallery_files kcaugust4.jpg
2003.01.26 19:16 B C:\My Websites\DckCrk\Homepage\Pictures\Photo Gallery\Photo Gallery_files\kcaugust5.jpg --> ftp.dak1.net /home/www/org/tx-mm/duckcreeklodge_1419/Pictures/Photo Gallery/Photo Gallery_files kcaugust5.jpg
2003.01.26 19:17 B C:\My Websites\DckCrk\Homepage\Pictures\Photo Gallery\Photo Gallery_files\kcaugust6.jpg --> ftp.dak1.net /home/www/org/tx-mm/duckcreeklodge_1419/Pictures/Photo Gallery/Photo Gallery_files kcaugust6.jpg
2003.01.26 19:17 B C:\My Websites\DckCrk\Homepage\Pictures\Photo Gallery\Photo Gallery_files\labor2.jpg --> ftp.dak1.net /home/www/org/tx-mm/duckcreeklodge_1419/Pictures/Photo Gallery/Photo Gallery_files labor2.jpg
2003.01.26 19:17 B C:\My Websites\DckCrk\Homepage\Pictures\Photo Gallery\Photo Gallery_files\labor3.jpg --> ftp.dak1.net /home/www/org/tx-mm/duckcreeklodge_1419/Pictures/Photo Gallery/Photo Gallery_files labor3.jpg
2003.01.26 19:17 B C:\My Websites\DckCrk\Homepage\Pictures\Photo Gallery\Photo Gallery_files\labor5.jpg --> ftp.dak1.net /home/www/org/tx-mm/duckcreeklodge_1419/Pictures/Photo Gallery/Photo Gallery_files labor5.jpg
2003.01.26 19:17 B C:\My Websites\DckCrk\Homepage\Pictures\Photo Gallery\Photo Gallery_files\labor8.jpg --> ftp.dak1.net /home/www/org/tx-mm/duckcreeklodge_1419/Pictures/Photo Gallery/Photo Gallery_files labor8.jpg
2003.01.26 19:17 B C:\My Websites\DckCrk\Homepage\Pictures\Photo Gallery\Photo Gallery_files\labor9.jpg --> ftp.dak1.net /home/www/org/tx-mm/duckcreeklodge_1419/Pictures/Photo Gallery/Photo Gallery_files labor9.jpg
2003.01.26 19:17 B C:\My Websites\DckCrk\Homepage\Pictures\Photo Gallery\Photo Gallery_files\marvinheading2.gif --> ftp.dak1.net /home/www/org/tx-mm/duckcreeklodge_1419/Pictures/Photo Gallery/Photo Gallery_files marvinheading2.gif
2003.01.26 19:17 B C:\My Websites\DckCrk\Homepage\Pictures\Photo Gallery\Photo Gallery_files\mlatham1.jpg --> ftp.dak1.net /home/www/org/tx-mm/duckcreeklodge_1419/Pictures/Photo Gallery/Photo Gallery_files mlatham1.jpg
2003.01.26 19:17 B C:\My Websites\DckCrk\Homepage\Pictures\Photo Gallery\Photo Gallery_files\randy11.jpg --> ftp.dak1.net /home/www/org/tx-mm/duckcreeklodge_1419/Pictures/Photo Gallery/Photo Gallery_files randy11.jpg
2003.01.26 19:17 B C:\My Websites\DckCrk\Homepage\Pictures\Photo Gallery\Photo Gallery_files\registration3.jpg --> ftp.dak1.net /home/www/org/tx-mm/duckcreeklodge_1419/Pictures/Photo Gallery/Photo Gallery_files registration3.jpg
2003.01.26 19:17 B C:\My Websites\DckCrk\Homepage\Pictures\Photo Gallery\Photo Gallery_files\septduckcree10.jpg --> ftp.dak1.net /home/www/org/tx-mm/duckcreeklodge_1419/Pictures/Photo Gallery/Photo Gallery_files septduckcree10.jpg
2003.01.26 19:17 B C:\My Websites\DckCrk\Homepage\Pictures\Photo Gallery\Photo Gallery_files\septduckcreek1.jpg --> ftp.dak1.net /home/www/org/tx-mm/duckcreeklodge_1419/Pictures/Photo Gallery/Photo Gallery_files septduckcreek1.jpg
2003.01.26 19:17 B C:\My Websites\DckCrk\Homepage\Pictures\Photo Gallery\Photo Gallery_files\septduckcreek3.jpg --> ftp.dak1.net /home/www/org/tx-mm/duckcreeklodge_1419/Pictures/Photo Gallery/Photo Gallery_files septduckcreek3.jpg
2003.01.26 19:18 B C:\My Websites\DckCrk\Homepage\Pictures\Photo Gallery\Photo Gallery_files\septduckcreek4.jpg --> ftp.dak1.net /home/www/org/tx-mm/duckcreeklodge_1419/Pictures/Photo Gallery/Photo Gallery_files septduckcreek4.jpg
2003.01.26 19:18 B C:\My Websites\DckCrk\Homepage\Pictures\Photo Gallery\Photo Gallery_files\septduckcreek5.jpg --> ftp.dak1.net /home/www/org/tx-mm/duckcreeklodge_1419/Pictures/Photo Gallery/Photo Gallery_files septduckcreek5.jpg
2003.01.26 19:18 B C:\My Websites\DckCrk\Homepage\Pictures\Photo Gallery\Photo Gallery_files\septduckcreek6.jpg --> ftp.dak1.net /home/www/org/tx-mm/duckcreeklodge_1419/Pictures/Photo Gallery/Photo Gallery_files septduckcreek6.jpg
2003.01.26 19:18 B C:\My Websites\DckCrk\Homepage\Pictures\Photo Gallery\Photo Gallery_files\septduckcreek8.jpg --> ftp.dak1.net /home/www/org/tx-mm/duckcreeklodge_1419/Pictures/Photo Gallery/Photo Gallery_files septduckcreek8.jpg
2003.01.26 19:18 B C:\My Websites\DckCrk\Homepage\Pictures\Photo Gallery\Photo Gallery_files\septduckcreek9.jpg --> ftp.dak1.net /home/www/org/tx-mm/duckcreeklodge_1419/Pictures/Photo Gallery/Photo Gallery_files septduckcreek9.jpg
2003.01.26 19:18 B C:\My Websites\DckCrk\Homepage\Pictures\Photo Gallery\Photo Gallery_files\Tishri4.jpg --> ftp.dak1.net /home/www/org/tx-mm/duckcreeklodge_1419/Pictures/Photo Gallery/Photo Gallery_files Tishri4.jpg
2003.01.26 19:18 B C:\My Websites\DckCrk\Homepage\Pictures\Photo Gallery\Photo Gallery_files\tl2k1.jpg --> ftp.dak1.net /home/www/org/tx-mm/duckcreeklodge_1419/Pictures/Photo Gallery/Photo Gallery_files tl2k1.jpg
2003.01.26 19:18 B C:\My Websites\DckCrk\Homepage\Pictures\Photo Gallery\Photo Gallery_files\tl2k2.jpg --> ftp.dak1.net /home/www/org/tx-mm/duckcreeklodge_1419/Pictures/Photo Gallery/Photo Gallery_files tl2k2.jpg
2003.01.26 19:18 B C:\My Websites\DckCrk\Homepage\Pictures\Photo Gallery\Photo Gallery_files\tl2k3.jpg --> ftp.dak1.net /home/www/org/tx-mm/duckcreeklodge_1419/Pictures/Photo Gallery/Photo Gallery_files tl2k3.jpg
2003.01.26 19:18 B C:\My Websites\DckCrk\Homepage\Pictures\Photo Gallery\Photo Gallery_files\tom_jerry.jpg --> ftp.dak1.net /home/www/org/tx-mm/duckcreeklodge_1419/Pictures/Photo Gallery/Photo Gallery_files tom_jerry.jpg
2004.12.14 11:18 B C:\Documents and Settings\nwoliver\My Documents\web sites\Duck Creek Lodge\Pictures\Photo Gallery\Photo Gallery_files\backmarch2000dark.jpg --> www.duckcreek1419.org /web/Pictures/Photo Gallery/Photo Gallery_files backmarch2000dark.jpg
2004.12.14 11:18 B C:\Documents and Settings\nwoliver\My Documents\web sites\Duck Creek Lodge\Pictures\Photo Gallery\Photo Gallery_files\cc10.jpg --> www.duckcreek1419.org /web/Pictures/Photo Gallery/Photo Gallery_files cc10.jpg
2004.12.14 11:18 B C:\Documents and Settings\nwoliver\My Documents\web sites\Duck Creek Lodge\Pictures\Photo Gallery\Photo Gallery_files\cc11.jpg --> www.duckcreek1419.org /web/Pictures/Photo Gallery/Photo Gallery_files cc11.jpg
2004.12.14 11:18 B C:\Documents and Settings\nwoliver\My Documents\web sites\Duck Creek Lodge\Pictures\Photo Gallery\Photo Gallery_files\cc13.jpg --> www.duckcreek1419.org /web/Pictures/Photo Gallery/Photo Gallery_files cc13.jpg
2004.12.14 11:18 B C:\Documents and Settings\nwoliver\My Documents\web sites\Duck Creek Lodge\Pictures\Photo Gallery\Photo Gallery_files\cc14.jpg --> www.duckcreek1419.org /web/Pictures/Photo Gallery/Photo Gallery_files cc14.jpg
2004.12.14 11:18 B C:\Documents and Settings\nwoliver\My Documents\web sites\Duck Creek Lodge\Pictures\Photo Gallery\Photo Gallery_files\cc15.jpg --> www.duckcreek1419.org /web/Pictures/Photo Gallery/Photo Gallery_files cc15.jpg
2004.12.14 11:18 B C:\Documents and Settings\nwoliver\My Documents\web sites\Duck Creek Lodge\Pictures\Photo Gallery\Photo Gallery_files\cc2.jpg --> www.duckcreek1419.org /web/Pictures/Photo Gallery/Photo Gallery_files cc2.jpg
2004.12.14 11:18 B C:\Documents and Settings\nwoliver\My Documents\web sites\Duck Creek Lodge\Pictures\Photo Gallery\Photo Gallery_files\cc3.jpg --> www.duckcreek1419.org /web/Pictures/Photo Gallery/Photo Gallery_files cc3.jpg
2004.12.14 11:18 B C:\Documents and Settings\nwoliver\My Documents\web sites\Duck Creek Lodge\Pictures\Photo Gallery\Photo Gallery_files\cc4.jpg --> www.duckcreek1419.org /web/Pictures/Photo Gallery/Photo Gallery_files cc4.jpg
2004.12.14 11:18 B C:\Documents and Settings\nwoliver\My Documents\web sites\Duck Creek Lodge\Pictures\Photo Gallery\Photo Gallery_files\cc5.jpg --> www.duckcreek1419.org /web/Pictures/Photo Gallery/Photo Gallery_files cc5.jpg
2004.12.14 11:18 B C:\Documents and Settings\nwoliver\My Documents\web sites\Duck Creek Lodge\Pictures\Photo Gallery\Photo Gallery_files\cc7.jpg --> www.duckcreek1419.org /web/Pictures/Photo Gallery/Photo Gallery_files cc7.jpg
2004.12.14 11:18 B C:\Documents and Settings\nwoliver\My Documents\web sites\Duck Creek Lodge\Pictures\Photo Gallery\Photo Gallery_files\cc8.jpg --> www.duckcreek1419.org /web/Pictures/Photo Gallery/Photo Gallery_files cc8.jpg
2004.12.14 11:18 B C:\Documents and Settings\nwoliver\My Documents\web sites\Duck Creek Lodge\Pictures\Photo Gallery\Photo Gallery_files\cc9.jpg --> www.duckcreek1419.org /web/Pictures/Photo Gallery/Photo Gallery_files cc9.jpg
2004.12.14 11:18 B C:\Documents and Settings\nwoliver\My Documents\web sites\Duck Creek Lodge\Pictures\Photo Gallery\Photo Gallery_files\ch_cn2.jpg --> www.duckcreek1419.org /web/Pictures/Photo Gallery/Photo Gallery_files ch_cn2.jpg
2004.12.14 11:18 B C:\Documents and Settings\nwoliver\My Documents\web sites\Duck Creek Lodge\Pictures\Photo Gallery\Photo Gallery_files\davedougcarl.jpg --> www.duckcreek1419.org /web/Pictures/Photo Gallery/Photo Gallery_files davedougcarl.jpg
2004.12.14 11:18 B C:\Documents and Settings\nwoliver\My Documents\web sites\Duck Creek Lodge\Pictures\Photo Gallery\Photo Gallery_files\dick(white).gif --> www.duckcreek1419.org /web/Pictures/Photo Gallery/Photo Gallery_files dick(white).gif
2004.12.14 11:18 B C:\Documents and Settings\nwoliver\My Documents\web sites\Duck Creek Lodge\Pictures\Photo Gallery\Photo Gallery_files\dougcarl.jpg --> www.duckcreek1419.org /web/Pictures/Photo Gallery/Photo Gallery_files dougcarl.jpg
2004.12.14 11:18 B C:\Documents and Settings\nwoliver\My Documents\web sites\Duck Creek Lodge\Pictures\Photo Gallery\Photo Gallery_files\GChap_gavel.jpg --> www.duckcreek1419.org /web/Pictures/Photo Gallery/Photo Gallery_files GChap_gavel.jpg
2004.12.14 11:18 B C:\Documents and Settings\nwoliver\My Documents\web sites\Duck Creek Lodge\Pictures\Photo Gallery\Photo Gallery_files\gmburke1.jpg --> www.duckcreek1419.org /web/Pictures/Photo Gallery/Photo Gallery_files gmburke1.jpg
2004.12.14 11:18 B C:\Documents and Settings\nwoliver\My Documents\web sites\Duck Creek Lodge\Pictures\Photo Gallery\Photo Gallery_files\houstondelegation2.jpg --> www.duckcreek1419.org /web/Pictures/Photo Gallery/Photo Gallery_files houstondelegation2.jpg
2004.12.14 11:18 B C:\Documents and Settings\nwoliver\My Documents\web sites\Duck Creek Lodge\Pictures\Photo Gallery\Photo Gallery_files\joeCjackP.jpg --> www.duckcreek1419.org /web/Pictures/Photo Gallery/Photo Gallery_files joeCjackP.jpg
2004.12.14 11:18 B C:\Documents and Settings\nwoliver\My Documents\web sites\Duck Creek Lodge\Pictures\Photo Gallery\Photo Gallery_files\K-C1.jpg --> www.duckcreek1419.org /web/Pictures/Photo Gallery/Photo Gallery_files K-C1.jpg
2004.12.14 11:18 B C:\Documents and Settings\nwoliver\My Documents\web sites\Duck Creek Lodge\Pictures\Photo Gallery\Photo Gallery_files\kcaugust1.jpg --> www.duckcreek1419.org /web/Pictures/Photo Gallery/Photo Gallery_files kcaugust1.jpg
2004.12.14 11:18 B C:\Documents and Settings\nwoliver\My Documents\web sites\Duck Creek Lodge\Pictures\Photo Gallery\Photo Gallery_files\kcaugust3.jpg --> www.duckcreek1419.org /web/Pictures/Photo Gallery/Photo Gallery_files kcaugust3.jpg
2004.12.14 11:18 B C:\Documents and Settings\nwoliver\My Documents\web sites\Duck Creek Lodge\Pictures\Photo Gallery\Photo Gallery_files\kcaugust4.jpg --> www.duckcreek1419.org /web/Pictures/Photo Gallery/Photo Gallery_files kcaugust4.jpg
2004.12.14 11:18 B C:\Documents and Settings\nwoliver\My Documents\web sites\Duck Creek Lodge\Pictures\Photo Gallery\Photo Gallery_files\kcaugust5.jpg --> www.duckcreek1419.org /web/Pictures/Photo Gallery/Photo Gallery_files kcaugust5.jpg
2004.12.14 11:18 B C:\Documents and Settings\nwoliver\My Documents\web sites\Duck Creek Lodge\Pictures\Photo Gallery\Photo Gallery_files\kcaugust6.jpg --> www.duckcreek1419.org /web/Pictures/Photo Gallery/Photo Gallery_files kcaugust6.jpg
2004.12.14 11:18 B C:\Documents and Settings\nwoliver\My Documents\web sites\Duck Creek Lodge\Pictures\Photo Gallery\Photo Gallery_files\labor2.jpg --> www.duckcreek1419.org /web/Pictures/Photo Gallery/Photo Gallery_files labor2.jpg
2004.12.14 11:18 B C:\Documents and Settings\nwoliver\My Documents\web sites\Duck Creek Lodge\Pictures\Photo Gallery\Photo Gallery_files\labor3.jpg --> www.duckcreek1419.org /web/Pictures/Photo Gallery/Photo Gallery_files labor3.jpg
2004.12.14 11:18 B C:\Documents and Settings\nwoliver\My Documents\web sites\Duck Creek Lodge\Pictures\Photo Gallery\Photo Gallery_files\labor5.jpg --> www.duckcreek1419.org /web/Pictures/Photo Gallery/Photo Gallery_files labor5.jpg
2004.12.14 11:18 B C:\Documents and Settings\nwoliver\My Documents\web sites\Duck Creek Lodge\Pictures\Photo Gallery\Photo Gallery_files\labor8.jpg --> www.duckcreek1419.org /web/Pictures/Photo Gallery/Photo Gallery_files labor8.jpg
2004.12.14 11:18 B C:\Documents and Settings\nwoliver\My Documents\web sites\Duck Creek Lodge\Pictures\Photo Gallery\Photo Gallery_files\labor9.jpg --> www.duckcreek1419.org /web/Pictures/Photo Gallery/Photo Gallery_files labor9.jpg
2004.12.14 11:18 B C:\Documents and Settings\nwoliver\My Documents\web sites\Duck Creek Lodge\Pictures\Photo Gallery\Photo Gallery_files\marvinheading2.gif --> www.duckcreek1419.org /web/Pictures/Photo Gallery/Photo Gallery_files marvinheading2.gif
2004.12.14 11:18 B C:\Documents and Settings\nwoliver\My Documents\web sites\Duck Creek Lodge\Pictures\Photo Gallery\Photo Gallery_files\mlatham1.jpg --> www.duckcreek1419.org /web/Pictures/Photo Gallery/Photo Gallery_files mlatham1.jpg
2004.12.14 11:18 B C:\Documents and Settings\nwoliver\My Documents\web sites\Duck Creek Lodge\Pictures\Photo Gallery\Photo Gallery_files\randy11.jpg --> www.duckcreek1419.org /web/Pictures/Photo Gallery/Photo Gallery_files randy11.jpg
2004.12.14 11:18 B C:\Documents and Settings\nwoliver\My Documents\web sites\Duck Creek Lodge\Pictures\Photo Gallery\Photo Gallery_files\registration3.jpg --> www.duckcreek1419.org /web/Pictures/Photo Gallery/Photo Gallery_files registration3.jpg
2004.12.14 11:18 B C:\Documents and Settings\nwoliver\My Documents\web sites\Duck Creek Lodge\Pictures\Photo Gallery\Photo Gallery_files\septduckcree10.jpg --> www.duckcreek1419.org /web/Pictures/Photo Gallery/Photo Gallery_files septduckcree10.jpg
2004.12.14 11:18 B C:\Documents and Settings\nwoliver\My Documents\web sites\Duck Creek Lodge\Pictures\Photo Gallery\Photo Gallery_files\septduckcreek1.jpg --> www.duckcreek1419.org /web/Pictures/Photo Gallery/Photo Gallery_files septduckcreek1.jpg
2004.12.14 11:19 B C:\Documents and Settings\nwoliver\My Documents\web sites\Duck Creek Lodge\Pictures\Photo Gallery\Photo Gallery_files\septduckcreek3.jpg --> www.duckcreek1419.org /web/Pictures/Photo Gallery/Photo Gallery_files septduckcreek3.jpg
2004.12.14 11:19 B C:\Documents and Settings\nwoliver\My Documents\web sites\Duck Creek Lodge\Pictures\Photo Gallery\Photo Gallery_files\septduckcreek4.jpg --> www.duckcreek1419.org /web/Pictures/Photo Gallery/Photo Gallery_files septduckcreek4.jpg
2004.12.14 11:19 B C:\Documents and Settings\nwoliver\My Documents\web sites\Duck Creek Lodge\Pictures\Photo Gallery\Photo Gallery_files\septduckcreek5.jpg --> www.duckcreek1419.org /web/Pictures/Photo Gallery/Photo Gallery_files septduckcreek5.jpg
2004.12.14 11:19 B C:\Documents and Settings\nwoliver\My Documents\web sites\Duck Creek Lodge\Pictures\Photo Gallery\Photo Gallery_files\septduckcreek6.jpg --> www.duckcreek1419.org /web/Pictures/Photo Gallery/Photo Gallery_files septduckcreek6.jpg
2004.12.14 11:19 B C:\Documents and Settings\nwoliver\My Documents\web sites\Duck Creek Lodge\Pictures\Photo Gallery\Photo Gallery_files\septduckcreek8.jpg --> www.duckcreek1419.org /web/Pictures/Photo Gallery/Photo Gallery_files septduckcreek8.jpg
2004.12.14 11:19 B C:\Documents and Settings\nwoliver\My Documents\web sites\Duck Creek Lodge\Pictures\Photo Gallery\Photo Gallery_files\septduckcreek9.jpg --> www.duckcreek1419.org /web/Pictures/Photo Gallery/Photo Gallery_files septduckcreek9.jpg
2004.12.14 11:19 B C:\Documents and Settings\nwoliver\My Documents\web sites\Duck Creek Lodge\Pictures\Photo Gallery\Photo Gallery_files\Tishri4.jpg --> www.duckcreek1419.org /web/Pictures/Photo Gallery/Photo Gallery_files Tishri4.jpg
2004.12.14 11:19 B C:\Documents and Settings\nwoliver\My Documents\web sites\Duck Creek Lodge\Pictures\Photo Gallery\Photo Gallery_files\tl2k1.jpg --> www.duckcreek1419.org /web/Pictures/Photo Gallery/Photo Gallery_files tl2k1.jpg
2004.12.14 11:19 B C:\Documents and Settings\nwoliver\My Documents\web sites\Duck Creek Lodge\Pictures\Photo Gallery\Photo Gallery_files\tl2k2.jpg --> www.duckcreek1419.org /web/Pictures/Photo Gallery/Photo Gallery_files tl2k2.jpg
2004.12.14 11:19 B C:\Documents and Settings\nwoliver\My Documents\web sites\Duck Creek Lodge\Pictures\Photo Gallery\Photo Gallery_files\tl2k3.jpg --> www.duckcreek1419.org /web/Pictures/Photo Gallery/Photo Gallery_files tl2k3.jpg
2004.12.14 11:19 B C:\Documents and Settings\nwoliver\My Documents\web sites\Duck Creek Lodge\Pictures\Photo Gallery\Photo Gallery_files\tom_jerry.jpg --> www.duckcreek1419.org /web/Pictures/Photo Gallery/Photo Gallery_files tom_jerry.jpg
2004.12.14 11:19 B C:\Documents and Settings\nwoliver\My Documents\web sites\Duck Creek Lodge\Pictures\Photo Gallery\Photo Gallery_files\WS_FTP.LOG --> www.duckcreek1419.org /web/Pictures/Photo Gallery/Photo Gallery_files WS_FTP.LOG
